Wed Nov 07 20:46:43 AST 2018 : Apache Derby Network Server - 10.11.1.2 - (1629631) started and ready to accept connections on port 1527
----------------------------------------------------------------
Wed Nov 07 20:46:43 AST 2018:
Booting Derby version The Apache Software Foundation - Apache Derby - 10.11.1.2 - (1629631): instance a816c00e-0166-ef48-8281-00000f21309a 
on database directory C:\Users\Khaled\computer-based-kit-for-learning-disability\Database\LearningDisabilityDataBase\LearningDisabilityDataBase with class loader sun.misc.Launcher$AppClassLoader@266474c2 
Loaded from file:/C:/Program%20Files/Java/jdk1.8.0_162/db/lib/derby.jar
java.vendor=Oracle Corporation
java.runtime.version=1.8.0_162-b12
user.dir=C:\Program Files\Java\jdk1.8.0_162\db
os.name=Windows 10
os.arch=amd64
os.version=10.0
derby.system.home=C:\Users\Khaled\computer-based-kit-for-learning-disability\Database\LearningDisabilityDataBase
Database Class Loader started - derby.database.classpath=''
----------------------------------------------------------------
Wed Nov 07 20:46:50 AST 2018:
Shutting down instance a816c00e-0166-ef48-8281-00000f21309a on database directory C:\Users\Khaled\computer-based-kit-for-learning-disability\Database\LearningDisabilityDataBase\LearningDisabilityDataBase with class loader sun.misc.Launcher$AppClassLoader@266474c2 
Wed Nov 07 20:46:51 AST 2018 Thread[DRDAConnThread_2,5,main] (DATABASE = LearningDisabilityDataBase), (DRDAID = {2}), Database 'LearningDisabilityDataBase' shutdown.
----------------------------------------------------------------
Wed Nov 07 20:47:02 AST 2018:
Booting Derby version The Apache Software Foundation - Apache Derby - 10.11.1.2 - (1629631): instance a65c80ac-0166-ef48-8281-00000f21309a 
on database directory C:\Users\Khaled\computer-based-kit-for-learning-disability\Database\LearningDisabilityDataBase\LearningDisabilityDataBase with class loader sun.misc.Launcher$AppClassLoader@266474c2 
Loaded from file:/C:/Program%20Files/Java/jdk1.8.0_162/db/lib/derby.jar
java.vendor=Oracle Corporation
java.runtime.version=1.8.0_162-b12
user.dir=C:\Program Files\Java\jdk1.8.0_162\db
os.name=Windows 10
os.arch=amd64
os.version=10.0
derby.system.home=C:\Users\Khaled\computer-based-kit-for-learning-disability\Database\LearningDisabilityDataBase
Database Class Loader started - derby.database.classpath=''
----------------------------------------------------------------
Wed Nov 07 20:50:59 AST 2018:
Shutting down instance a65c80ac-0166-ef48-8281-00000f21309a on database directory C:\Users\Khaled\computer-based-kit-for-learning-disability\Database\LearningDisabilityDataBase\LearningDisabilityDataBase with class loader sun.misc.Launcher$AppClassLoader@266474c2 
Wed Nov 07 20:50:59 AST 2018 Thread[DRDAConnThread_3,5,main] (DATABASE = LearningDisabilityDataBase), (DRDAID = {4}), Database 'LearningDisabilityDataBase' shutdown.
----------------------------------------------------------------
Wed Nov 07 20:51:12 AST 2018: Shutting down Derby engine
----------------------------------------------------------------
